#
# A fatal error has been detected by the Java Runtime Environment:
#
#  EXCEPTION_ACCESS_VIOLATION (0xc0000005) at pc=0x00007ff981ddf4c0, pid=13196, tid=18828
#
# JRE version: Java(TM) SE Runtime Environment (25.0+37) (build 25+37-LTS-3491)
# Java VM: Java HotSpot(TM) 64-Bit Server VM (25+37-LTS-3491, mixed mode, sharing, tiered, compressed oops, compressed class ptrs, g1 gc, windows-amd64)
# Problematic frame:
# C  [ig11icd64.dll+0x14f4c0]
#
# No core dump will be written. Minidumps are not enabled by default on client versions of Windows
#
# If you would like to submit a bug report, please visit:
#   https://bugreport.java.com/bugreport/crash.jsp
# The crash happened outside the Java Virtual Machine in native code.
# See problematic frame for where to report the bug.
#

---------------  S U M M A R Y ------------

Command Line: -Dfile.encoding=UTF-8 -Duser.country=IN -Duser.language=en -Duser.variant org.example.App

Host: Intel(R) Core(TM) i3-1005G1 CPU @ 1.20GHz, 4 cores, 3G,  Windows 11 , 64 bit Build 26100 (10.0.26100.7920)
Time: Tue Mar 24 21:49:13 2026 India Standard Time elapsed time: 3.670734 seconds (0d 0h 0m 3s)

---------------  T H R E A D  ---------------

Current thread (0x000001b0fa435370):  JavaThread "main"             [_thread_in_native, id=18828, stack(0x00000085c7500000,0x00000085c7600000) (1024K)]

Stack: [0x00000085c7500000,0x00000085c7600000],  sp=0x00000085c75ff248,  free space=1020k
Native frames: (J=compiled Java code, j=interpreted, Vv=VM code, C=native code)
C  [ig11icd64.dll+0x14f4c0]  (no source info available)
C  [ig11icd64.dll+0xfcef8]  (no source info available)
C  [ig11icd64.dll+0x422230]  (no source info available)
C  [ig11icd64.dll+0x1fcfbb]  (no source info available)
C  [ig11icd64.dll+0x426d81]  (no source info available)
C  [ig11icd64.dll+0x421d4e]  (no source info available)
C  [ig11icd64.dll+0x4c879a]  (no source info available)
C  [ig11icd64.dll+0x42fb48]  (no source info available)
C  0x000001b08fcfd293  (no source info available)

The last pc belongs to native method entry point (kind = native) (printed below).
Java frames: (J=compiled Java code, j=interpreted, Vv=VM code)
j  org.lwjgl.opengl.GL32C.nglDrawElementsBaseVertex(IIIJI)V+0
j  org.lwjgl.opengl.GL32C.glDrawElementsBaseVertex(IIIJI)V+6
j  org.lwjgl.opengl.GL32.glDrawElementsBaseVertex(IIIJI)V+6
j  imgui.gl3.ImGuiImplGl3.renderDrawData(Limgui/ImDrawData;)V+691
j  org.example.DevWidgets.render()V+10
j  org.example.App.gameLoop()V+37
j  org.example.App.run()V+5
j  org.example.App.main([Ljava/lang/String;)V+9
v  ~StubRoutines::call_stub 0x000001b08fcf12ed

siginfo: EXCEPTION_ACCESS_VIOLATION (0xc0000005), reading address 0x00000000000000de


Registers:
RAX=0x0000000000000021, RBX=0x000000000000ffff, RCX=0x000001b0a4170000, RDX=0x00000000000000de
RSP=0x00000085c75ff248, RBP=0x0000000000060000, RSI=0x00000085c75ff308, RDI=0x0000000000000000
R8 =0x0000000000000001, R9 =0x0000000000000001, R10=0x000001b0a4170000, R11=0x000000000000005a
R12=0x00000000000000b4, R13=0x000001b098927f98, R14=0x000001b09d322a40, R15=0x000001b09cd9b7f0
RIP=0x00007ff981ddf4c0, EFLAGS=0x0000000000010202

XMM[0]=0x0000000000000000 0x0000000000000000
XMM[1]=0x0000000000000000 0x0000000000000000
XMM[2]=0x0000000000000000 0x0000000000000000
XMM[3]=0x0000000000000000 0x0000000000000000
XMM[4]=0x0000000000000000 0x0000000000000000
XMM[5]=0x0000000000000000 0x0000000000000000
XMM[6]=0x0000000000000000 0x9f1b22ef50a84614
XMM[7]=0x0000000000000000 0x91ff0dc6f74dde34
XMM[8]=0x0000000000000000 0x8e8662f20aa274b1
XMM[9]=0x0000000000000000 0xba829b1add31c85e
XMM[10]=0x0000000000000000 0x0000000022af2d44
XMM[11]=0x0000000000000000 0x11072ae0ee38f33e
XMM[12]=0x0000000000000000 0x00000000dd31c85e
XMM[13]=0x0000000000000000 0x0000000000000000
XMM[14]=0x0000000000000000 0x0000000000000000
XMM[15]=0x0000000000000000 0x0000000000000000
  MXCSR=0x00001fa0


Register to memory mapping:

RAX=0x0000000000000021 is an unknown value
RBX=0x000000000000ffff is an unknown value
RCX=0x000001b0a4170000 points into unknown readable memory: 0x0000000000000000 | 00 00 00 00 00 00 00 00
RDX=0x00000000000000de is an unknown value
RSP=0x00000085c75ff248 is pointing into the stack for thread: 0x000001b0fa435370
RBP=0x0000000000060000 is an unknown value
RSI=0x00000085c75ff308 is pointing into the stack for thread: 0x000001b0fa435370
RDI=0x0 is null
R8 =0x0000000000000001 is an unknown value
R9 =0x0000000000000001 is an unknown value
R10=0x000001b0a4170000 points into unknown readable memory: 0x0000000000000000 | 00 00 00 00 00 00 00 00
R11=0x000000000000005a is an unknown value
R12=0x00000000000000b4 is an unknown value
R13={method} {0x000001b098927fa0} 'nglDrawElementsBaseVertex' '(IIIJI)V' in 'org/lwjgl/opengl/GL32C'
R14=0x000001b09d322a40 points into unknown readable memory: 0x000001b0a4170000 | 00 00 17 a4 b0 01 00 00
R15=0x000001b09cd9b7f0 points into unknown readable memory: 0x00000000000000de | de 00 00 00 00 00 00 00

Top of Stack: (sp=0x00000085c75ff248)
0x00000085c75ff248:   00007ff981d8cef8 000001b0a4170000   ................
0x00000085c75ff258:   000001b09cd70f00 0000000000000002   ................
0x00000085c75ff268:   fffffffffffe0000 00000085c75ff290   .........._.....
0x00000085c75ff278:   0000000000000000 0000000000000000   ................
0x00000085c75ff288:   0004014248010004 0000000000000001   ...HB...........
0x00000085c75ff298:   00007ff9820b679f 0000000000000004   .g..............
0x00000085c75ff2a8:   0000000000000000 0000000000000004   ................
0x00000085c75ff2b8:   0000000000000000 0000000000001403   ................
0x00000085c75ff2c8:   0000000000000001 000001b09cd70f00   ................
0x00000085c75ff2d8:   000000000000005a 000001b09cd70f00   Z...............
0x00000085c75ff2e8:   00007ff9820b2230 0000000000000000   0"..............
0x00000085c75ff2f8:   00000000fa430000 0000e82158456f02   ..C......oEX!...
0x00000085c75ff308:   00000085c75ff200 000000000000ffff   .._.............
0x00000085c75ff318:   0000000000000000 000000000000005a   ........Z.......
0x00000085c75ff328:   00007ff981e8cfbb 00000085c75ff338   ........8._.....
0x00000085c75ff338:   0000000000000000 0000000000000004   ................
0x00000085c75ff348:   0000000000000001 000000000000005a   ........Z.......
0x00000085c75ff358:   0000000000000004 000001b09cd70f00   ................
0x00000085c75ff368:   00007ff9820b6d81 0000000000000001   .m..............
0x00000085c75ff378:   0000000000000002 000000000000ffff   ................
0x00000085c75ff388:   0000000000000000 0000000000000002   ................
0x00000085c75ff398:   0000000000000001 000000000000ffff   ................
0x00000085c75ff3a8:   0000000000000000 000000000000005a   ........Z.......
0x00000085c75ff3b8:   0000000800000000 00000000000000de   ................
0x00000085c75ff3c8:   00007ffa00000000 0000000000000004   ................
0x00000085c75ff3d8:   000000000000005a 0000000000000010   Z...............
0x00000085c75ff3e8:   00007ff9820b1d4e 000001b09c800080   N...............
0x00000085c75ff3f8:   0000000000001403 00000000000000de   ................
0x00000085c75ff408:   0000000000000088 00000000000000de   ................
0x00000085c75ff418:   000001b000000000 0000000000000088   ................
0x00000085c75ff428:   00007ff98215879a 000001b09c800080   ................
0x00000085c75ff438:   00000085c75ff5a8 00000085c75ff560   .._.....`._.....

Instructions: (pc=0x00007ff981ddf4c0)
  0x00007ff981ddf3c0:   66 0f 73 d8 04 3b c8 0f 46 c1 66 0f 7e c1 41 3b
  0x00007ff981ddf3d0:   c3 66 0f 6f c4 66 0f 73 d8 08 44 0f 46 d8 66 0f
  0x00007ff981ddf3e0:   7e e0 66 0f 73 dc 0c 3b d8 0f 43 c3 66 0f 7e e3
  0x00007ff981ddf3f0:   3b c1 0f 43 c8 66 0f 7e c0 3b c8 0f 43 c1 3b c3
  0x00007ff981ddf400:   0f 43 d8 45 85 c0 74 31 4c 2b d2 0f 1f 44 00 00
  0x00007ff981ddf410:   8b 0a 41 ff c8 41 89 0c 12 48 8d 52 04 3b ce 74
  0x00007ff981ddf420:   13 44 3b d9 8b c1 41 0f 46 c3 3b d9 44 8b d8 0f
  0x00007ff981ddf430:   43 cb 8b d9 45 85 c0 75 d7 48 8b 84 24 80 00 00
  0x00007ff981ddf440:   00 44 89 18 48 8b 84 24 88 00 00 00 89 18 48 8b
  0x00007ff981ddf450:   5c 24 68 48 83 c4 50 5e c3 cc cc cc cc cc cc cc
  0x00007ff981ddf460:   48 89 5c 24 08 48 89 74 24 10 48 89 7c 24 18 45
  0x00007ff981ddf470:   8b d8 0f b6 c2 49 d1 eb f6 d0 33 ff 49 8b f1 4c
  0x00007ff981ddf480:   8b d1 bb ff ff 00 00 a8 01 0f 84 fe 01 00 00 0f
  0x00007ff981ddf490:   18 42 20 0f 18 42 40 49 83 fb 08 0f 82 ec 01 00
  0x00007ff981ddf4a0:   00 44 8d 4a 0f 41 83 e1 f0 44 2b ca 49 d1 e9 74
  0x00007ff981ddf4b0:   3e 4d 85 c9 74 36 4d 8b c1 0f 1f 80 00 00 00 00
=>0x00007ff981ddf4c0:   0f b7 0a 48 83 c2 02 66 41 89 0a 0f b7 c1 49 83
  0x00007ff981ddf4d0:   c2 02 66 3b d9 66 0f 46 c3 66 3b f9 0f b7 d8 66
  0x00007ff981ddf4e0:   0f 43 cf 0f b7 f9 49 83 e8 01 75 d4 4d 2b d9 49
  0x00007ff981ddf4f0:   83 fb 08 0f 82 94 01 00 00 66 0f 6f 1d cf c7 91
  0x00007ff981ddf500:   00 b9 00 80 ff ff 8d 04 19 98 66 0f 6e c8 8d 04
  0x00007ff981ddf510:   39 98 66 0f 61 c9 66 0f 70 c9 00 66 0f 6e d0 66
  0x00007ff981ddf520:   0f 61 d2 66 0f 70 d2 00 49 83 fb 10 72 50 49 8b
  0x00007ff981ddf530:   cb 48 c1 e9 04 48 6b c1 f0 4c 03 d8 0f 1f 40 00
  0x00007ff981ddf540:   0f 18 42 40 f3 0f 6f 02 f3 41 0f 7f 02 66 0f f9
  0x00007ff981ddf550:   c3 66 0f ea c8 66 0f ee d0 f3 0f 6f 42 10 48 83
  0x00007ff981ddf560:   c2 20 f3 41 0f 7f 42 10 49 83 c2 20 66 0f f9 c3
  0x00007ff981ddf570:   66 0f ea c8 66 0f ee d0 48 83 e9 01 75 c2 49 83
  0x00007ff981ddf580:   fb 08 72 31 49 8b cb 48 c1 e9 03 48 6b c1 f8 4c
  0x00007ff981ddf590:   03 d8 f3 0f 6f 02 48 83 c2 10 f3 41 0f 7f 02 49
  0x00007ff981ddf5a0:   83 c2 10 66 0f f9 c3 66 0f ea c8 66 0f ee d0 48
  0x00007ff981ddf5b0:   83 e9 01 75 dd 66 0f fd cb 66 0f fd d3 66 0f c5


Stack slot to memory mapping:

stack at sp + 0 slots: 0x00007ff981d8cef8 ig11icd64.dll
stack at sp + 1 slots: 0x000001b0a4170000 points into unknown readable memory: 0x0000000000000000 | 00 00 00 00 00 00 00 00
stack at sp + 2 slots: 0x000001b09cd70f00 points into unknown readable memory: 0x000001b09c754440 | 40 44 75 9c b0 01 00 00
stack at sp + 3 slots: 0x0000000000000002 is an unknown value
stack at sp + 4 slots: 0xfffffffffffe0000 is an unknown value
stack at sp + 5 slots: 0x00000085c75ff290 is pointing into the stack for thread: 0x000001b0fa435370
stack at sp + 6 slots: 0x0 is null
stack at sp + 7 slots: 0x0 is null

Lock stack of current Java thread (top to bottom):

native method entry point (kind = native)  [0x000001b08fcfcec0, 0x000001b08fcfdac0]  3072 bytes
[MachCode]
  0x000001b08fcfcec0: 488b 4b08 | 0fb7 492e | 584c 8d74 | ccf8 6800 | 0000 0068 | 0000 0000 | 5055 488b | ec41 5548 
  0x000001b08fcfcee0: 8b43 084c | 8d68 3848 | 8b40 0868 | 0000 0000 | 5348 8b50 | 1848 8b52 | 7048 8b12 | 5248 8b53 
  0x000001b08fcfcf00: 1048 85d2 | 7407 4881 | c2d0 0000 | 0052 488b | 5010 5249 | 8bc6 482b | c548 c1e8 | 0350 6800 
  0x000001b08fcfcf20: 0000 0068 | f7ff ffff | 41c6 87f1 | 0400 0001 | 488b 4310 | 4885 c074 | 208b 8890 | 0000 0083 
  0x000001b08fcfcf40: c102 8988 | 9000 0000 | 2388 a400 | 0000 0f84 | b80a 0000 | e9cf 0000 | 0048 8b43 | 1848 85c0 
  0x000001b08fcfcf60: 0f85 b000 | 0000 e805 | 0000 00e9 | 9900 0000 | 488b d348 | 8d44 2408 | 4c89 6dc0 | 498b cfc5 
  0x000001b08fcfcf80: f877 4989 | af38 0400 | 0049 8987 | 2804 0000 | 4883 ec20 | 40f6 c40f | 0f84 1900 | 0000 4883 
  0x000001b08fcfcfa0: ec08 48b8 | e01e a38f | f97f 0000 | ffd0 4883 | c408 e90c | 0000 0048 | b8e0 1ea3 | 8ff9 7f00 
  0x000001b08fcfcfc0: 00ff d048 | 83c4 2049 | c787 2804 | 0000 0000 | 0000 49c7 | 8738 0400 | 0000 0000 | 0049 c787 
  0x000001b08fcfcfe0: 3004 0000 | 0000 0000 | c5f8 7749 | 837f 0800 | 0f84 0500 | 0000 e9e5 | 41ff ff4c | 8b6d c04c 
  0x000001b08fcfd000: 8b75 c84e | 8d74 f500 | c348 8b43 | 1848 85c0 | 0f84 1200 | 0000 8b48 | 0883 c102 | 8948 0823 
  0x000001b08fcfd020: 482c 0f84 | e409 0000 | 493b a770 | 0500 000f | 8748 0000 | 0089 8424 | 00f0 ffff | 8984 2400 
  0x000001b08fcfd040: e0ff ff89 | 8424 00d0 | ffff 8984 | 2400 c0ff | ff89 8424 | 00b0 ffff | 8984 2400 | a0ff ff89 
  0x000001b08fcfd060: 8424 0090 | ffff 8984 | 2400 80ff | ff49 3ba7 | 6805 0000 | 7607 4989 | a770 0500 | 0041 c687 
  0x000001b08fcfd080: f104 0000 | 0048 8b5d | e84c 8b5b | 0845 0fb7 | 5b2e 41c1 | e303 492b | e348 83ec | 2048 83e4 
  0x000001b08fcfd0a0: f04c 8b5b | 604d 85db | 0f85 ab00 | 0000 e805 | 0000 00e9 | 9900 0000 | 488b d348 | 8d44 2408 
  0x000001b08fcfd0c0: 4c89 6dc0 | 498b cfc5 | f877 4989 | af38 0400 | 0049 8987 | 2804 0000 | 4883 ec20 | 40f6 c40f 
  0x000001b08fcfd0e0: 0f84 1900 | 0000 4883 | ec08 48b8 | 1048 a38f | f97f 0000 | ffd0 4883 | c408 e90c | 0000 0048 
  0x000001b08fcfd100: b810 48a3 | 8ff9 7f00 | 00ff d048 | 83c4 2049 | c787 2804 | 0000 0000 | 0000 49c7 | 8738 0400 
  0x000001b08fcfd120: 0000 0000 | 0049 c787 | 3004 0000 | 0000 0000 | c5f8 7749 | 837f 0800 | 0f84 0500 | 0000 e99d 
  0x000001b08fcfd140: 40ff ff4c | 8b6d c04c | 8b75 c84e | 8d74 f500 | c348 8b5d | e84c 8b5b | 6041 ffd3 | 488b 5de8 
  0x000001b08fcfd160: 4889 4518 | 440f b75b | 2c41 f6c3 | 080f 841b | 0000 004c | 8b5b 084d | 8b5b 084d | 8b5b 184d 
  0x000001b08fcfd180: 8b5b 704d | 8b1b 4c89 | 5d10 488d | 5510 488b | 4358 49ba | 800e de8f | f97f 0000 | 493b c20f 
  0x000001b08fcfd1a0: 85ab 0000 | 00e8 0500 | 0000 e999 | 0000 0048 | 8bd3 488d | 4424 084c | 896d c049 | 8bcf c5f8 
  0x000001b08fcfd1c0: 7749 89af | 3804 0000 | 4989 8728 | 0400 0048 | 83ec 2040 | f6c4 0f0f | 8419 0000 | 0048 83ec 
  0x000001b08fcfd1e0: 0848 b810 | 48a3 8ff9 | 7f00 00ff | d048 83c4 | 08e9 0c00 | 0000 48b8 | 1048 a38f | f97f 0000 
  0x000001b08fcfd200: ffd0 4883 | c420 49c7 | 8728 0400 | 0000 0000 | 0049 c787 | 3804 0000 | 0000 0000 | 49c7 8730 
  0x000001b08fcfd220: 0400 0000 | 0000 00c5 | f877 4983 | 7f08 000f | 8405 0000 | 00e9 a63f | ffff 4c8b | 6dc0 4c8b 
  0x000001b08fcfd240: 75c8 4e8d | 74f5 00c3 | 488b 5de8 | 488b 4358 | 498d 8f48 | 0400 004c | 8d15 d500 | 0000 4d89 
  0x000001b08fcfd260: 9730 0400 | 00c5 f877 | 4989 af38 | 0400 0049 | 89a7 2804 | 0000 41c7 | 87d4 0400 | 0004 0000 
  0x000001b08fcfd280: 0049 3ba7 | c805 0000 | 7607 4989 | a7c8 0500 | 00ff d049 | 3ba7 c805 | 0000 720b | 49c7 87c8 
  0x000001b08fcfd2a0: 0500 0000 | 0000 00c5 | f877 4883 | ec10 c5fb | 1104 2448 | 83ec 1048 | 8904 2448 | c744 2408 
  0x000001b08fcfd2c0: 0000 0000 | 41c7 87d4 | 0400 0005 | 0000 00f0 | 8344 24c0 | 0049 3b6f | 280f 870e | 0000 0041 
  0x000001b08fcfd2e0: 83bf d004 | 0000 000f | 8420 0000 | 0049 8bcf | 4c8b e448 | 83ec 2048 | 83e4 f048 | b840 aca4 
  0x000001b08fcfd300: 8ff9 7f00 | 00ff d049 | 8be4 4d33 | e441 c787 | d404 0000 | 0800 0000 | 4d8b 97f0 | 0500 0049 
  0x000001b08fcfd320: 83fa 0074 | 3549 c787 | f005 0000 | 0000 0000 | 41ff e249 | ba60 becf | 8fb0 0100 | 0041 ffd2 
  0x000001b08fcfd340: 4883 ec10 | c5fb 1104 | 2448 83ec | 1048 8904 | 2448 c744 | 2408 0000 | 0000 49c7 | 8728 0400 
  0x000001b08fcfd360: 0000 0000 | 0049 c787 | 3804 0000 | 0000 0000 | 49c7 8730 | 0400 0000 | 0000 00c5 | f877 4d8b 
  0x000001b08fcfd380: 9fb8 0400 | 0041 c783 | 0001 0000 | 0000 0000 | 49bb 5aa7 | cf8f b001 | 0000 4c3b | 5d18 0f85 
  0x000001b08fcfd3a0: 5b02 0000 | 488b 0424 | 4883 c410 | 4885 c00f | 8435 0200 | 00a8 030f | 8508 0000 | 0048 8b00 
  0x000001b08fcfd3c0: e925 0200 | 00a8 010f | 8509 0000 | 0048 8b40 | fee9 1402 | 0000 488b | 40ff 4180 | 7f48 000f 
  0x000001b08fcfd3e0: 8405 0200 | 0048 83f8 | 000f 84fb | 0100 004d | 8b5f 384d | 85db 0f84 | 1400 0000 | 4983 eb08 
  0x000001b08fcfd400: 4d89 5f38 | 4d03 5f40 | 4989 03e9 | da01 0000 | 4881 ecf0 | 0000 0048 | 8904 2448 | 894c 2408 
  0x000001b08fcfd420: 4889 5424 | 104c 8944 | 2418 4c89 | 4c24 204c | 8954 2428 | 4c89 5c24 | 30c5 fb11 | 4424 40c5 
  0x000001b08fcfd440: fb11 4c24 | 48c5 fb11 | 5424 50c5 | fb11 5c24 | 58c5 fb11 | 6424 60c5 | fb11 6c24 | 6862 e1ff 
  0x000001b08fcfd460: 0811 4424 | 0e62 e1ff | 0811 4c24 | 0f62 e1ff | 0811 5424 | 1062 e1ff | 0811 5c24 | 1162 e1ff 
  0x000001b08fcfd480: 0811 6424 | 1262 e1ff | 0811 6c24 | 1362 e1ff | 0811 7424 | 1462 e1ff | 0811 7c24 | 1562 61ff 
  0x000001b08fcfd4a0: 0811 4424 | 1662 61ff | 0811 4c24 | 1762 61ff | 0811 5424 | 1862 61ff | 0811 5c24 | 1962 61ff 
  0x000001b08fcfd4c0: 0811 6424 | 1a62 61ff | 0811 6c24 | 1b62 61ff | 0811 7424 | 1c62 61ff | 0811 7c24 | 1d49 8bd7 
  0x000001b08fcfd4e0: 488b c848 | 83ec 2040 | f6c4 0f0f | 8419 0000 | 0048 83ec | 0848 b820 | 7697 8ff9 | 7f00 00ff 
  0x000001b08fcfd500: d048 83c4 | 08e9 0c00 | 0000 48b8 | 2076 978f | f97f 0000 | ffd0 4883 | c420 6261 | ff08 107c 
  0x000001b08fcfd520: 241d 6261 | ff08 1074 | 241c 6261 | ff08 106c | 241b 6261 | ff08 1064 | 241a 6261 | ff08 105c 
  0x000001b08fcfd540: 2419 6261 | ff08 1054 | 2418 6261 | ff08 104c | 2417 6261 | ff08 1044 | 2416 62e1 | ff08 107c 
  0x000001b08fcfd560: 2415 62e1 | ff08 1074 | 2414 62e1 | ff08 106c | 2413 62e1 | ff08 1064 | 2412 62e1 | ff08 105c 
  0x000001b08fcfd580: 2411 62e1 | ff08 1054 | 2410 62e1 | ff08 104c | 240f 62e1 | ff08 1044 | 240e c5fb | 106c 2468 
  0x000001b08fcfd5a0: c5fb 1064 | 2460 c5fb | 105c 2458 | c5fb 1054 | 2450 c5fb | 104c 2448 | c5fb 1044 | 2440 4c8b 
  0x000001b08fcfd5c0: 5c24 304c | 8b54 2428 | 4c8b 4c24 | 204c 8b44 | 2418 488b | 5424 1048 | 8b4c 2408 | 488b 0424 
  0x000001b08fcfd5e0: 4881 c4f0 | 0000 00c5 | f877 4889 | 4510 4883 | ec10 4889 | 0424 48c7 | 4424 0800 | 0000 0041 
  0x000001b08fcfd600: 83bf 5005 | 0000 020f | 85bf 0000 | 0048 81ec | 8000 0000 | 4889 4424 | 7848 894c | 2470 4889 
  0x000001b08fcfd620: 5424 6848 | 895c 2460 | 4889 6c24 | 5048 8974 | 2448 4889 | 7c24 404c | 8944 2438 | 4c89 4c24 
  0x000001b08fcfd640: 304c 8954 | 2428 4c89 | 5c24 204c | 8964 2418 | 4c89 6c24 | 104c 8974 | 2408 4c89 | 3c24 4c8b 
  0x000001b08fcfd660: e448 83ec | 2048 83e4 | f048 b8f0 | f5dd 8ff9 | 7f00 00ff | d049 8be4 | 4c8b 3c24 | 4c8b 7424 
  0x000001b08fcfd680: 084c 8b6c | 2410 4c8b | 6424 184c | 8b5c 2420 | 4c8b 5424 | 284c 8b4c | 2430 4c8b | 4424 3848 
  0x000001b08fcfd6a0: 8b7c 2440 | 488b 7424 | 4848 8b6c | 2450 488b | 5c24 6048 | 8b54 2468 | 488b 4c24 | 7048 8b44 
  0x000001b08fcfd6c0: 2478 4881 | c480 0000 | 004d 33e4 | 488b 5de8 | 4c8b 6b08 | 4d8d 6d38 | 4983 7f08 | 000f 84bb 
  0x000001b08fcfd6e0: 0000 00e8 | 0500 0000 | e996 0000 | 0048 8d44 | 2408 4c89 | 6dc0 498b | cfc5 f877 | 4989 af38 
  0x000001b08fcfd700: 0400 0049 | 8987 2804 | 0000 4883 | ec20 40f6 | c40f 0f84 | 1900 0000 | 4883 ec08 | 48b8 5066 
  0x000001b08fcfd720: a38f f97f | 0000 ffd0 | 4883 c408 | e90c 0000 | 0048 b850 | 66a3 8ff9 | 7f00 00ff | d048 83c4 
  0x000001b08fcfd740: 2049 c787 | 2804 0000 | 0000 0000 | 49c7 8738 | 0400 0000 | 0000 0049 | c787 3004 | 0000 0000 
  0x000001b08fcfd760: 0000 c5f8 | 7749 837f | 0800 0f84 | 0500 0000 | e96b 3aff | ff4c 8b6d | c04c 8b75 | c84e 8d74 
  0x000001b08fcfd780: f500 c348 | b938 0807 | 90f9 7f00 | 0048 83e4 | f048 b850 | 8cca 8ff9 | 7f00 00ff | d0f4 440f 
  0x000001b08fcfd7a0: b75b 2c41 | f6c3 200f | 8472 0100 | 0048 8d55 | a84c 8b5a | 084d 85db | 0f85 bb00 | 0000 e805 
  0x000001b08fcfd7c0: 0000 00e9 | 9600 0000 | 488d 4424 | 084c 896d | c049 8bcf | c5f8 7749 | 89af 3804 | 0000 4989 
  0x000001b08fcfd7e0: 8728 0400 | 0048 83ec | 2040 f6c4 | 0f0f 8419 | 0000 0048 | 83ec 0848 | b880 65a3 | 8ff9 7f00 
  0x000001b08fcfd800: 00ff d048 | 83c4 08e9 | 0c00 0000 | 48b8 8065 | a38f f97f | 0000 ffd0 | 4883 c420 | 49c7 8728 
  0x000001b08fcfd820: 0400 0000 | 0000 0049 | c787 3804 | 0000 0000 | 0000 49c7 | 8730 0400 | 0000 0000 | 00c5 f877 
  0x000001b08fcfd840: 4983 7f08 | 000f 8405 | 0000 00e9 | 9039 ffff | 4c8b 6dc0 | 4c8b 75c8 | 4e8d 74f5 | 00c3 48b9 
  0x000001b08fcfd860: 3808 0790 | f97f 0000 | 4883 e4f0 | 48b8 508c | ca8f f97f | 0000 ffd0 | f44c 896d | c04c 8b4a 
  0x000001b08fcfd880: 0848 c742 | 0800 0000 | 0045 8b87 | d806 0000 | 4f3b 4c07 | f80f 8542 | 0000 0041 | 83af d806 
  0x000001b08fcfd8a0: 0000 084f | 3b4c 07f0 | 0f84 2a00 | 0000 498b | 01a8 020f | 8512 0000 | 004c 8bc0 | 4983 c801 
  0x000001b08fcfd8c0: f04d 0fb1 | 010f 840d | 0000 0041 | 8387 d806 | 0000 08e9 | 0500 0000 | e93e 0000 | 004c 894a 
  0x000001b08fcfd8e0: 0848 8bca | 4883 ec20 | 40f6 c40f | 0f84 1900 | 0000 4883 | ec08 48b8 | d037 a38f | f97f 0000 
  0x000001b08fcfd900: ffd0 4883 | c408 e90c | 0000 0048 | b8d0 37a3 | 8ff9 7f00 | 00ff d048 | 83c4 204c | 8b6d c041 
  0x000001b08fcfd920: c687 9603 | 0000 0149 | 3b6f 280f | 8705 0000 | 00e9 ab00 | 0000 4883 | ec10 c5fb | 1104 2448 
  0x000001b08fcfd940: 83ec 1048 | 8904 2448 | c744 2408 | 0000 0000 | c5f8 7749 | 89af 3804 | 0000 49ba | 50d9 cf8f 
  0x000001b08fcfd960: b001 0000 | 4d89 9730 | 0400 0049 | 89a7 2804 | 0000 498b | cf48 83ec | 2040 f6c4 | 0f0f 8419 
  0x000001b08fcfd980: 0000 0048 | 83ec 0848 | b870 1ea3 | 8ff9 7f00 | 00ff d048 | 83c4 08e9 | 0c00 0000 | 48b8 701e 
  0x000001b08fcfd9a0: a38f f97f | 0000 ffd0 | 4883 c420 | 49c7 8728 | 0400 0000 | 0000 0049 | c787 3804 | 0000 0000 
  0x000001b08fcfd9c0: 0000 49c7 | 8730 0400 | 0000 0000 | 00c5 f877 | 488b 0424 | 4883 c410 | c5fb 1004 | 2448 83c4 
  0x000001b08fcfd9e0: 1048 8b04 | 2448 83c4 | 10c5 fb10 | 0424 4883 | c410 4c8b | 5d18 41ff | d34c 8b5d | f8c9 41c6 
  0x000001b08fcfda00: 8796 0300 | 0000 5f49 | 8be3 ffe7 | ba00 0000 | 00e8 0500 | 0000 e996 | 0000 0048 | 8d44 2408 
  0x000001b08fcfda20: 4c89 6dc0 | 498b cfc5 | f877 4989 | af38 0400 | 0049 8987 | 2804 0000 | 4883 ec20 | 40f6 c40f 
  0x000001b08fcfda40: 0f84 1900 | 0000 4883 | ec08 48b8 | c02d a38f | f97f 0000 | ffd0 4883 | c408 e90c | 0000 0048 
  0x000001b08fcfda60: b8c0 2da3 | 8ff9 7f00 | 00ff d048 | 83c4 2049 | c787 2804 | 0000 0000 | 0000 49c7 | 8738 0400 
  0x000001b08fcfda80: 0000 0000 | 0049 c787 | 3004 0000 | 0000 0000 | c5f8 7749 | 837f 0800 | 0f84 0500 | 0000 e93d 
  0x000001b08fcfdaa0: 37ff ff4c | 8b6d c04c | 8b75 c84e | 8d74 f500 | c348 8b5d | e8e9 6ef5 | ffff 660f | 1f44 0000 
[/MachCode]

---------------  P R O C E S S  ---------------

Threads class SMR info:
_java_thread_list=0x000001b0977f1e40, length=11, elements={
0x000001b0fa435370, 0x000001b0fc82e300, 0x000001b0fff14550, 0x000001b0fff17120,
0x000001b0fff18e40, 0x000001b0fff1a570, 0x000001b0fff23cb0, 0x000001b0fff4b2c0,
0x000001b0fff53f20, 0x000001b0977e4cd0, 0x000001b0977f2170
}

Java Threads: ( => current thread )
=>0x000001b0fa435370 JavaThread "main"                              [_thread_in_native, id=18828, stack(0x00000085c7500000,0x00000085c7600000) (1024K)]
  0x000001b0fc82e300 JavaThread "Reference Handler"          daemon [_thread_blocked, id=24836, stack(0x00000085c7d00000,0x00000085c7e00000) (1024K)]
  0x000001b0fff14550 JavaThread "Finalizer"                  daemon [_thread_blocked, id=23888, stack(0x00000085c7e00000,0x00000085c7f00000) (1024K)]
  0x000001b0fff17120 JavaThread "Signal Dispatcher"          daemon [_thread_blocked, id=5416, stack(0x00000085c7f00000,0x00000085c8000000) (1024K)]
  0x000001b0fff18e40 JavaThread "Attach Listener"            daemon [_thread_blocked, id=17504, stack(0x00000085c8000000,0x00000085c8100000) (1024K)]
  0x000001b0fff1a570 JavaThread "Service Thread"             daemon [_thread_blocked, id=21736, stack(0x00000085c8100000,0x00000085c8200000) (1024K)]
  0x000001b0fff23cb0 JavaThread "Monitor Deflation Thread"   daemon [_thread_blocked, id=28324, stack(0x00000085c8200000,0x00000085c8300000) (1024K)]
  0x000001b0fff4b2c0 JavaThread "C2 CompilerThread0"         daemon [_thread_blocked, id=17780, stack(0x00000085c8300000,0x00000085c8400000) (1024K)]
  0x000001b0fff53f20 JavaThread "C1 CompilerThread0"         daemon [_thread_blocked, id=6908, stack(0x00000085c8400000,0x00000085c8500000) (1024K)]
  0x000001b0977e4cd0 JavaThread "Notification Thread"        daemon [_thread_blocked, id=25212, stack(0x00000085c8500000,0x00000085c8600000) (1024K)]
  0x000001b0977f2170 JavaThread "Common-Cleaner"             daemon [_thread_blocked, id=28460, stack(0x00000085c8600000,0x00000085c8700000) (1024K)]
Total: 11

Other Threads:
  0x000001b0fc81e3d0 VMThread "VM Thread"                           [id=3424, stack(0x00000085c7c00000,0x00000085c7d00000) (1024K)]
  0x000001b0fff0d520 WatcherThread "VM Periodic Task Thread"        [id=18508, stack(0x00000085c7b00000,0x00000085c7c00000) (1024K)]
  0x000001b0fc7ab170 WorkerThread "GC Thread#0"                     [id=12184, stack(0x00000085c7600000,0x00000085c7700000) (1024K)]
  0x000001b09d1124c0 WorkerThread "GC Thread#1"                     [id=11052, stack(0x00000085c8e00000,0x00000085c8f00000) (1024K)]
  0x000001b09d11bf60 WorkerThread "GC Thread#2"                     [id=2888, stack(0x00000085c8f00000,0x00000085c9000000) (1024K)]
  0x000001b09d11c390 WorkerThread "GC Thread#3"                     [id=4956, stack(0x00000085c9000000,0x00000085c9100000) (1024K)]
  0x000001b0fc7c6510 ConcurrentGCThread "G1 Main Marker"            [id=18308, stack(0x00000085c7700000,0x00000085c7800000) (1024K)]
  0x000001b0fc7c70b0 WorkerThread "G1 Conc#0"                       [id=7920, stack(0x00000085c7800000,0x00000085c7900000) (1024K)]
  0x000001b0fc7f6ab0 ConcurrentGCThread "G1 Refine#0"               [id=25328, stack(0x00000085c7900000,0x00000085c7a00000) (1024K)]
  0x000001b0fc7f86d0 ConcurrentGCThread "G1 Service"                [id=24136, stack(0x00000085c7a00000,0x00000085c7b00000) (1024K)]
Total: 10

Threads with active compile tasks:
Total: 0

VM state: not at safepoint (normal execution)

VM Mutex/Monitor currently owned by a thread: None

Heap address: 0x00000000c4e00000, size: 946 MB, Compressed Oops mode: 32-bit

CDS archive(s) mapped at: [0x0000000011000000-0x0000000011dd0000-0x0000000011dd0000), size 14483456, SharedBaseAddress: 0x0000000011000000, ArchiveRelocationMode: 1.
Compressed class space mapped at: 0x0000000012000000-0x0000000052000000, reserved size: 1073741824
UseCompressedClassPointers 1, UseCompactObjectHeaders 0
Narrow klass pointer bits 32, Max shift 3
Narrow klass base: 0x0000000011000000, Narrow klass shift: 0
Encoding Range: [0x0000000011000000 - 0x0000000111000000), (4294967296 bytes)
Klass Range:    [0x0000000011010000 - 0x0000000052000000), (1090453504 bytes)
Klass ID Range:  [65536 - 1090519033) (1090453497)
Protection zone: [0x0000000011000000 - 0x0000000011010000), (65536 bytes)

GC Precious Log:
 CardTable entry size: 512
 Card Set container configuration: InlinePtr #cards 5 size 8 Array Of Cards #cards 10 size 36 Howl #buckets 4 coarsen threshold 1843 Howl Bitmap #cards 512 size 80 coarsen threshold 460 Card regions per heap region 1 cards per card region 2048
 CPUs: 4 total, 4 available
 Memory: 3783M
 Large Page Support: Disabled
 NUMA Support: Disabled
 Compressed Oops: Enabled (32-bit)
 Heap Region Size: 1M
 Heap Min Capacity: 8M
 Heap Initial Capacity: 60M
 Heap Max Capacity: 946M
 Pre-touch: Disabled
 Parallel Workers: 4
 Concurrent Workers: 1
 Concurrent Refinement Workers: 4
 Periodic GC: Disabled

Heap:
 garbage-first heap   total reserved 968704K, committed 63488K, used 12821K [0x00000000c4e00000, 0x0000000100000000)
  region size 1024K, 14 young (14336K), 3 survivors (3072K)

Heap Regions: E=young(eden), S=young(survivor), O=old, HS=humongous(starts), HC=humongous(continues), CS=collection set, F=free, TAMS=top-at-mark-start, PB=parsable bottom
|   0|0x00000000c4e00000, 0x00000000c4e00000, 0x00000000c4f00000|  0%| F|  |TAMS 0x00000000c4e00000| PB 0x00000000c4e00000| Untracked |  0
|   1|0x00000000c4f00000, 0x00000000c4f00000, 0x00000000c5000000|  0%| F|  |TAMS 0x00000000c4f00000| PB 0x00000000c4f00000| Untracked |  0
|   2|0x00000000c5000000, 0x00000000c5000000, 0x00000000c5100000|  0%| F|  |TAMS 0x00000000c5000000| PB 0x00000000c5000000| Untracked |  0
|   3|0x00000000c5100000, 0x00000000c5100000, 0x00000000c5200000|  0%| F|  |TAMS 0x00000000c5100000| PB 0x00000000c5100000| Untracked |  0
|   4|0x00000000c5200000, 0x00000000c5200000, 0x00000000c5300000|  0%| F|  |TAMS 0x00000000c5200000| PB 0x00000000c5200000| Untracked |  0
|   5|0x00000000c5300000, 0x00000000c5300000, 0x00000000c5400000|  0%| F|  |TAMS 0x00000000c5300000| PB 0x00000000c5300000| Untracked |  0
|   6|0x00000000c5400000, 0x00000000c5400000, 0x00000000c5500000|  0%| F|  |TAMS 0x00000000c5400000| PB 0x00000000c5400000| Untracked |  0
|   7|0x00000000c5500000, 0x00000000c5500000, 0x00000000c5600000|  0%| F|  |TAMS 0x00000000c5500000| PB 0x00000000c5500000| Untracked |  0
|   8|0x00000000c5600000, 0x00000000c5600000, 0x00000000c5700000|  0%| F|  |TAMS 0x00000000c5600000| PB 0x00000000c5600000| Untracked |  0
|   9|0x00000000c5700000, 0x00000000c5700000, 0x00000000c5800000|  0%| F|  |TAMS 0x00000000c5700000| PB 0x00000000c5700000| Untracked |  0
|  10|0x00000000c5800000, 0x00000000c5800000, 0x00000000c5900000|  0%| F|  |TAMS 0x00000000c5800000| PB 0x00000000c5800000| Untracked |  0
|  11|0x00000000c5900000, 0x00000000c5900000, 0x00000000c5a00000|  0%| F|  |TAMS 0x00000000c5900000| PB 0x00000000c5900000| Untracked |  0
|  12|0x00000000c5a00000, 0x00000000c5a00000, 0x00000000c5b00000|  0%| F|  |TAMS 0x00000000c5a00000| PB 0x00000000c5a00000| Untracked |  0
|  13|0x00000000c5b00000, 0x00000000c5b00000, 0x00000000c5c00000|  0%| F|  |TAMS 0x00000000c5b00000| PB 0x00000000c5b00000| Untracked |  0
|  14|0x00000000c5c00000, 0x00000000c5c00000, 0x00000000c5d00000|  0%| F|  |TAMS 0x00000000c5c00000| PB 0x00000000c5c00000| Untracked |  0
|  15|0x00000000c5d00000, 0x00000000c5d00000, 0x00000000c5e00000|  0%| F|  |TAMS 0x00000000c5d00000| PB 0x00000000c5d00000| Untracked |  0
|  16|0x00000000c5e00000, 0x00000000c5e00000, 0x00000000c5f00000|  0%| F|  |TAMS 0x00000000c5e00000| PB 0x00000000c5e00000| Untracked |  0
|  17|0x00000000c5f00000, 0x00000000c5f00000, 0x00000000c6000000|  0%| F|  |TAMS 0x00000000c5f00000| PB 0x00000000c5f00000| Untracked |  0
|  18|0x00000000c6000000, 0x00000000c6000000, 0x00000000c6100000|  0%| F|  |TAMS 0x00000000c6000000| PB 0x00000000c6000000| Untracked |  0
|  19|0x00000000c6100000, 0x00000000c6100000, 0x00000000c6200000|  0%| F|  |TAMS 0x00000000c6100000| PB 0x00000000c6100000| Untracked |  0
|  20|0x00000000c6200000, 0x00000000c6200000, 0x00000000c6300000|  0%| F|  |TAMS 0x00000000c6200000| PB 0x00000000c6200000| Untracked |  0
|  21|0x00000000c6300000, 0x00000000c6300000, 0x00000000c6400000|  0%| F|  |TAMS 0x00000000c6300000| PB 0x00000000c6300000| Untracked |  0
|  22|0x00000000c6400000, 0x00000000c6400000, 0x00000000c6500000|  0%| F|  |TAMS 0x00000000c6400000| PB 0x00000000c6400000| Untracked |  0
|  23|0x00000000c6500000, 0x00000000c6500000, 0x00000000c6600000|  0%| F|  |TAMS 0x00000000c6500000| PB 0x00000000c6500000| Untracked |  0
|  24|0x00000000c6600000, 0x00000000c6600000, 0x00000000c6700000|  0%| F|  |TAMS 0x00000000c6600000| PB 0x00000000c6600000| Untracked |  0
|  25|0x00000000c6700000, 0x00000000c6700000, 0x00000000c6800000|  0%| F|  |TAMS 0x00000000c6700000| PB 0x00000000c6700000| Untracked |  0
|  26|0x00000000c6800000, 0x00000000c6800000, 0x00000000c6900000|  0%| F|  |TAMS 0x00000000c6800000| PB 0x00000000c6800000| Untracked |  0
|  27|0x00000000c6900000, 0x00000000c6900000, 0x00000000c6a00000|  0%| F|  |TAMS 0x00000000c6900000| PB 0x00000000c6900000| Untracked |  0
|  28|0x00000000c6a00000, 0x00000000c6a00000, 0x00000000c6b00000|  0%| F|  |TAMS 0x00000000c6a00000| PB 0x00000000c6a00000| Untracked |  0
|  29|0x00000000c6b00000, 0x00000000c6b60000, 0x00000000c6c00000| 37%| S|CS|TAMS 0x00000000c6b00000| PB 0x00000000c6b00000| Complete |  0
|  30|0x00000000c6c00000, 0x00000000c6d00000, 0x00000000c6d00000|100%| S|CS|TAMS 0x00000000c6c00000| PB 0x00000000c6c00000| Complete |  0
|  31|0x00000000c6d00000, 0x00000000c6e00000, 0x00000000c6e00000|100%| S|CS|TAMS 0x00000000c6d00000| PB 0x00000000c6d00000| Complete |  0
|  32|0x00000000c6e00000, 0x00000000c6e00000, 0x00000000c6f00000|  0%| F|  |TAMS 0x00000000c6e00000| PB 0x00000000c6e00000| Untracked |  0
|  33|0x00000000c6f00000, 0x00000000c6f00000, 0x00000000c7000000|  0%| F|  |TAMS 0x00000000c6f00000| PB 0x00000000c6f00000| Untracked |  0
|  34|0x00000000c7000000, 0x00000000c7000000, 0x00000000c7100000|  0%| F|  |TAMS 0x00000000c7000000| PB 0x00000000c7000000| Untracked |  0
|  35|0x00000000c7100000, 0x00000000c7100000, 0x00000000c7200000|  0%| F|  |TAMS 0x00000000c7100000| PB 0x00000000c7100000| Untracked |  0
|  36|0x00000000c7200000, 0x00000000c7200000, 0x00000000c7300000|  0%| F|  |TAMS 0x00000000c7200000| PB 0x00000000c7200000| Untracked |  0
|  37|0x00000000c7300000, 0x00000000c7300000, 0x00000000c7400000|  0%| F|  |TAMS 0x00000000c7300000| PB 0x00000000c7300000| Untracked |  0
|  38|0x00000000c7400000, 0x00000000c7400000, 0x00000000c7500000|  0%| F|  |TAMS 0x00000000c7400000| PB 0x00000000c7400000| Untracked |  0
|  39|0x00000000c7500000, 0x00000000c7500000, 0x00000000c7600000|  0%| F|  |TAMS 0x00000000c7500000| PB 0x00000000c7500000| Untracked |  0
|  40|0x00000000c7600000, 0x00000000c7600000, 0x00000000c7700000|  0%| F|  |TAMS 0x00000000c7600000| PB 0x00000000c7600000| Untracked |  0
|  41|0x00000000c7700000, 0x00000000c7700000, 0x00000000c7800000|  0%| F|  |TAMS 0x00000000c7700000| PB 0x00000000c7700000| Untracked |  0
|  42|0x00000000c7800000, 0x00000000c7800000, 0x00000000c7900000|  0%| F|  |TAMS 0x00000000c7800000| PB 0x00000000c7800000| Untracked |  0
|  43|0x00000000c7900000, 0x00000000c7900000, 0x00000000c7a00000|  0%| F|  |TAMS 0x00000000c7900000| PB 0x00000000c7900000| Untracked |  0
|  44|0x00000000c7a00000, 0x00000000c7a00000, 0x00000000c7b00000|  0%| F|  |TAMS 0x00000000c7a00000| PB 0x00000000c7a00000| Untracked |  0
|  45|0x00000000c7b00000, 0x00000000c7b00000, 0x00000000c7c00000|  0%| F|  |TAMS 0x00000000c7b00000| PB 0x00000000c7b00000| Untracked |  0
|  46|0x00000000c7c00000, 0x00000000c7c00000, 0x00000000c7d00000|  0%| F|  |TAMS 0x00000000c7c00000| PB 0x00000000c7c00000| Untracked |  0
|  47|0x00000000c7d00000, 0x00000000c7d00000, 0x00000000c7e00000|  0%| F|  |TAMS 0x00000000c7d00000| PB 0x00000000c7d00000| Untracked |  0
|  48|0x00000000c7e00000, 0x00000000c7e00000, 0x00000000c7f00000|  0%| F|  |TAMS 0x00000000c7e00000| PB 0x00000000c7e00000| Untracked |  0
|  49|0x00000000c7f00000, 0x00000000c7f7ec60, 0x00000000c8000000| 49%| E|  |TAMS 0x00000000c7f00000| PB 0x00000000c7f00000| Complete |  0
|  50|0x00000000c8000000, 0x00000000c8100000, 0x00000000c8100000|100%| E|CS|TAMS 0x00000000c8000000| PB 0x00000000c8000000| Complete |  0
|  51|0x00000000c8100000, 0x00000000c8200000, 0x00000000c8200000|100%| E|CS|TAMS 0x00000000c8100000| PB 0x00000000c8100000| Complete |  0
|  52|0x00000000c8200000, 0x00000000c8300000, 0x00000000c8300000|100%| E|CS|TAMS 0x00000000c8200000| PB 0x00000000c8200000| Complete |  0
|  53|0x00000000c8300000, 0x00000000c8400000, 0x00000000c8400000|100%| E|CS|TAMS 0x00000000c8300000| PB 0x00000000c8300000| Complete |  0
|  54|0x00000000c8400000, 0x00000000c8500000, 0x00000000c8500000|100%| E|CS|TAMS 0x00000000c8400000| PB 0x00000000c8400000| Complete |  0
|  55|0x00000000c8500000, 0x00000000c8600000, 0x00000000c8600000|100%| E|CS|TAMS 0x00000000c8500000| PB 0x00000000c8500000| Complete |  0
|  56|0x00000000c8600000, 0x00000000c8700000, 0x00000000c8700000|100%| E|CS|TAMS 0x00000000c8600000| PB 0x00000000c8600000| Complete |  0
|  57|0x00000000c8700000, 0x00000000c8800000, 0x00000000c8800000|100%| E|CS|TAMS 0x00000000c8700000| PB 0x00000000c8700000| Complete |  0
|  58|0x00000000c8800000, 0x00000000c8900000, 0x00000000c8900000|100%| E|CS|TAMS 0x00000000c8800000| PB 0x00000000c8800000| Complete |  0
|  59|0x00000000c8900000, 0x00000000c8a00000, 0x00000000c8a00000|100%| E|  |TAMS 0x00000000c8900000| PB 0x00000000c8900000| Complete |  0
| 944|0x00000000ffe00000, 0x00000000fff00000, 0x00000000fff00000|100%| O|  |TAMS 0x00000000ffe00000| PB 0x00000000ffe00000| Untracked |  0
| 945|0x00000000fff00000, 0x00000000fff25608, 0x0000000100000000| 14%| O|  |TAMS 0x00000000fff00000| PB 0x00000000fff00000| Untracked |  0

Card table byte_map: [0x000001b0fca10000,0x000001b0fcbf0000] _byte_map_base: 0x000001b0fc3e9000

Marking Bits: (CMBitMap*) 0x000001b0fc7ab900
 Bits: [0x000001b0fcbf0000, 0x000001b0fdab8000)

Polling page: 0x000001b0fbf30000

Metaspace:
Metaspace        used 9091K, committed 9728K, reserved 1114112K
 class space     used 628K, committed 896K, reserved 1048576K

Usage:
  Non-class:      8.26 MB used.
      Class:    628.87 KB used.
       Both:      8.88 MB used.

Virtual space:
  Non-class space:       64.00 MB reserved,       8.62 MB ( 13%) committed,  1 nodes.
      Class space:        1.00 GB reserved,     896.00 KB ( <1%) committed,  1 nodes.
             Both:        1.06 GB reserved,       9.50 MB ( <1%) committed. 

Chunk freelists:
   Non-Class:  6.80 MB
       Class:  14.95 MB
        Both:  21.75 MB

MaxMetaspaceSize: unlimited
CompressedClassSpaceSize: 1.00 GB
Initial GC threshold: 21.00 MB
Current GC threshold: 21.00 MB
CDS: on
 - commit_granule_bytes: 65536.
 - commit_granule_words: 8192.
 - virtual_space_node_default_size: 8388608.
 - enlarge_chunks_in_place: 1.
UseCompressedClassPointers 1, UseCompactObjectHeaders 0
Narrow klass pointer bits 32, Max shift 3
Narrow klass base: 0x0000000011000000, Narrow klass shift: 0
Encoding Range: [0x0000000011000000 - 0x0000000111000000), (4294967296 bytes)
Klass Range:    [0x0000000011010000 - 0x0000000052000000), (1090453504 bytes)
Klass ID Range:  [65536 - 1090519033) (1090453497)
Protection zone: [0x0000000011000000 - 0x0000000011010000), (65536 bytes)


Internal statistics:

num_allocs_failed_limit: 0.
num_arena_births: 806.
num_arena_deaths: 0.
num_vsnodes_births: 2.
num_vsnodes_deaths: 0.
num_space_committed: 151.
num_space_uncommitted: 0.
num_chunks_returned_to_freelist: 0.
num_chunks_taken_from_freelist: 1204.
num_chunk_merges: 0.
num_chunk_splits: 831.
num_chunks_enlarged: 492.
num_inconsistent_stats: 0.

CodeHeap 'non-profiled nmethods': size=120064Kb used=680Kb max_used=680Kb free=119383Kb
 bounds [0x000001b090280000, 0x000001b0904f0000, 0x000001b0977c0000]
CodeHeap 'profiled nmethods': size=120000Kb used=3343Kb max_used=3343Kb free=116656Kb
 bounds [0x000001b0887c0000, 0x000001b088b10000, 0x000001b08fcf0000]
CodeHeap 'non-nmethods': size=5696Kb used=3081Kb max_used=3129Kb free=2614Kb
 bounds [0x000001b08fcf0000, 0x000001b090000000, 0x000001b090280000]
CodeCache: size=245760Kb, used=7104Kb, max_used=7152Kb, free=238653Kb
 total_blobs=3923, nmethods=2143, adapters=1659, full_count=0
Compilation: enabled, stopped_count=0, restarted_count=0

Compilation events (20 events):
Event: 3.590 Thread 0x000001b0fff53f20 2131       3       java.lang.Class::forName (8 bytes)
Event: 3.590 Thread 0x000001b0fff53f20 nmethod 2131 0x000001b088afcb88 code [0x000001b088afcc80, 0x000001b088afcd98]
Event: 3.590 Thread 0x000001b0fff53f20 2132       1       java.util.Spliterators$ArraySpliterator::characteristics (5 bytes)
Event: 3.591 Thread 0x000001b0fff53f20 nmethod 2132 0x000001b090321d08 code [0x000001b090321e00, 0x000001b090321ec8]
Event: 3.593 Thread 0x000001b0fff53f20 2135       3       java.lang.invoke.InvokerBytecodeGenerator::resolveFrom (81 bytes)
Event: 3.593 Thread 0x000001b0fff53f20 nmethod 2135 0x000001b088afce88 code [0x000001b088afcf80, 0x000001b088afd248]
Event: 3.611 Thread 0x000001b0fff53f20 2138       3       sun.net.util.IPAddressUtil::checkAuth (45 bytes)
Event: 3.612 Thread 0x000001b0fff53f20 nmethod 2138 0x000001b088afd288 code [0x000001b088afd380, 0x000001b088afe0f0]
Event: 3.619 Thread 0x000001b0fff53f20 2139       3       jdk.internal.loader.Resource::<init> (5 bytes)
Event: 3.620 Thread 0x000001b0fff53f20 nmethod 2139 0x000001b088afe108 code [0x000001b088afe200, 0x000001b088afe360]
Event: 3.620 Thread 0x000001b0fff53f20 2140   !   3       jdk.internal.loader.URLClassPath$FileLoader::getResource (143 bytes)
Event: 3.622 Thread 0x000001b0fff53f20 nmethod 2140 0x000001b088afe408 code [0x000001b088afe500, 0x000001b088affdc0]
Event: 3.622 Thread 0x000001b0fff53f20 2141       3       java.io.File::<init> (111 bytes)
Event: 3.623 Thread 0x000001b0fff53f20 nmethod 2141 0x000001b088affe08 code [0x000001b088afff00, 0x000001b088b00d18]
Event: 3.623 Thread 0x000001b0fff53f20 2142       3       java.util.zip.ZipFile::getZipEntry (249 bytes)
Event: 3.624 Thread 0x000001b0fff53f20 nmethod 2142 0x000001b088b00d88 code [0x000001b088b00e80, 0x000001b088b024a0]
Event: 3.624 Thread 0x000001b0fff53f20 2143       3       sun.net.util.URLUtil::urlNoFragString (143 bytes)
Event: 3.625 Thread 0x000001b0fff53f20 nmethod 2143 0x000001b088b02508 code [0x000001b088b02600, 0x000001b088b03e30]
Event: 3.628 Thread 0x000001b0fff4b2c0 nmethod 2113 0x000001b090322908 code [0x000001b090322a20, 0x000001b090325c78]
Event: 3.629 Thread 0x000001b0fff4b2c0 2122       4       jdk.internal.classfile.impl.SplitConstantPool::classEntryForClassOrInterface (111 bytes)

GC Heap Usage History (2 events):
Event: 2.654 {heap Before GC invocations=0 (full 0):
 garbage-first heap   total reserved 968704K, committed 63488K, used 29845K [0x00000000c4e00000, 0x0000000100000000)
  region size 1024K, 28 young (28672K), 0 survivors (0K)
}
Event: 2.659 {heap After GC invocations=1 (full 0):
 garbage-first heap   total reserved 968704K, committed 63488K, used 3605K [0x00000000c4e00000, 0x0000000100000000)
  region size 1024K, 3 young (3072K), 3 survivors (3072K)
}

Metaspace Usage History (2 events):
Event: 2.654 {metaspace Before GC invocations=0 (full 0):
 Metaspace       used 6717K, committed 7104K, reserved 1114112K
  class space    used 442K, committed 576K, reserved 1048576K
}
Event: 2.659 {metaspace After GC invocations=1 (full 0):
 Metaspace       used 6717K, committed 7104K, reserved 1114112K
  class space    used 442K, committed 576K, reserved 1048576K
}

Dll operation events (8 events):
Event: 0.014 Loaded shared library C:\JDK\oracleJdk-25\bin\java.dll
Event: 0.092 Loaded shared library C:\JDK\oracleJdk-25\bin\net.dll
Event: 0.095 Loaded shared library C:\JDK\oracleJdk-25\bin\nio.dll
Event: 0.111 Loaded shared library C:\JDK\oracleJdk-25\bin\zip.dll
Event: 0.193 Loaded shared library C:\JDK\oracleJdk-25\bin\jimage.dll
Event: 0.916 Loaded shared library C:\Users\Amit\AppData\Local\Temp\lwjgl_Amit\3.4.1+2\x64\lwjgl.dll
Event: 2.456 Loaded shared library C:\Users\Amit\AppData\Local\Temp\lwjgl_Amit\3.4.1+2\x64\lwjgl_opengl.dll
Event: 3.382 Loaded shared library C:\Users\Amit\AppData\Local\Temp\imgui-java-natives\1.90.0\imgui-java64.dll

Deoptimization events (20 events):
Event: 3.415 Thread 0x000001b0fa435370 Uncommon trap: trap_request=0xffffff45 fr.pc=0x000001b0902e7858 relative=0x0000000000000058
Event: 3.415 Thread 0x000001b0fa435370 Uncommon trap: reason=unstable_if action=reinterpret pc=0x000001b0902e7858 method=java.lang.ref.ReferenceQueue.poll()Ljava/lang/ref/Reference; @ 4 c2
Event: 3.415 Thread 0x000001b0fa435370 DEOPT PACKING pc=0x000001b0902e7858 sp=0x00000085c75fe170
Event: 3.415 Thread 0x000001b0fa435370 DEOPT UNPACKING pc=0x000001b08fe20382 sp=0x00000085c75fe0e8 mode 2
Event: 3.443 Thread 0x000001b0fa435370 Uncommon trap: trap_request=0xffffffcc fr.pc=0x000001b0903005a8 relative=0x00000000000003a8
Event: 3.443 Thread 0x000001b0fa435370 Uncommon trap: reason=intrinsic_or_type_checked_inlining action=make_not_entrant pc=0x000001b0903005a8 method=java.util.Arrays.copyOf([Ljava/lang/Object;ILjava/lang/Class;)[Ljava/lang/Object; @ 35 c2
Event: 3.443 Thread 0x000001b0fa435370 DEOPT PACKING pc=0x000001b0903005a8 sp=0x00000085c75feb40
Event: 3.443 Thread 0x000001b0fa435370 DEOPT UNPACKING pc=0x000001b08fe20382 sp=0x00000085c75feae8 mode 2
Event: 3.444 Thread 0x000001b0fa435370 Uncommon trap: trap_request=0xffffff54 fr.pc=0x000001b09029ed64 relative=0x0000000000000064
Event: 3.444 Thread 0x000001b0fa435370 Uncommon trap: reason=speculate_null_check action=make_not_entrant pc=0x000001b09029ed64 method=jdk.internal.misc.Unsafe.getIntUnaligned(Ljava/lang/Object;JZ)I @ 5 c2
Event: 3.444 Thread 0x000001b0fa435370 DEOPT PACKING pc=0x000001b09029ed64 sp=0x00000085c75fea40
Event: 3.444 Thread 0x000001b0fa435370 DEOPT UNPACKING pc=0x000001b08fe20382 sp=0x00000085c75fe9c0 mode 2
Event: 3.485 Thread 0x000001b0fa435370 Uncommon trap: trap_request=0xffffff45 fr.pc=0x000001b0902f5578 relative=0x00000000000001f8
Event: 3.485 Thread 0x000001b0fa435370 Uncommon trap: reason=unstable_if action=reinterpret pc=0x000001b0902f5578 method=java.lang.invoke.VarHandle.checkAccessModeThenIsDirect(Ljava/lang/invoke/VarHandle$AccessDescriptor;)Z @ 4 c2
Event: 3.485 Thread 0x000001b0fa435370 DEOPT PACKING pc=0x000001b0902f5578 sp=0x00000085c75ff080
Event: 3.485 Thread 0x000001b0fa435370 DEOPT UNPACKING pc=0x000001b08fe20382 sp=0x00000085c75ff040 mode 2
Event: 3.485 Thread 0x000001b0fa435370 Uncommon trap: trap_request=0xffffff45 fr.pc=0x000001b0902f7dd0 relative=0x00000000000000d0
Event: 3.485 Thread 0x000001b0fa435370 Uncommon trap: reason=unstable_if action=reinterpret pc=0x000001b0902f7dd0 method=java.lang.Long.valueOf(J)Ljava/lang/Long; @ 17 c2
Event: 3.485 Thread 0x000001b0fa435370 DEOPT PACKING pc=0x000001b0902f7dd0 sp=0x00000085c75ff480
Event: 3.485 Thread 0x000001b0fa435370 DEOPT UNPACKING pc=0x000001b08fe20382 sp=0x00000085c75ff418 mode 2

Classes loaded (20 events):
Event: 3.469 Loading class sun/invoke/util/ValueConversions$Handles
Event: 3.469 Loading class sun/invoke/util/ValueConversions$Handles done
Event: 3.471 Loading class jdk/internal/foreign/abi/AbstractLinker$UpcallStubFactory
Event: 3.471 Loading class jdk/internal/foreign/abi/AbstractLinker$UpcallStubFactory done
Event: 3.472 Loading class jdk/internal/foreign/abi/UpcallLinker
Event: 3.473 Loading class jdk/internal/foreign/abi/UpcallLinker done
Event: 3.473 Loading class jdk/internal/foreign/abi/UpcallLinker$InvocationData
Event: 3.473 Loading class jdk/internal/foreign/abi/UpcallLinker$InvocationData done
Event: 3.478 Loading class java/util/function/UnaryOperator
Event: 3.479 Loading class java/util/function/UnaryOperator done
Event: 3.485 Loading class jdk/internal/foreign/abi/UpcallStubs
Event: 3.485 Loading class jdk/internal/foreign/abi/UpcallStubs done
Event: 3.485 Loading class jdk/internal/foreign/abi/UpcallStubs$1
Event: 3.485 Loading class jdk/internal/foreign/abi/UpcallStubs$1 done
Event: 3.485 Loading class jdk/internal/foreign/MemorySessionImpl$ResourceList$ResourceCleanup$1
Event: 3.485 Loading class jdk/internal/foreign/MemorySessionImpl$ResourceList$ResourceCleanup$1 done
Event: 3.550 Loading class jdk/internal/foreign/SegmentBulkOperations
Event: 3.550 Loading class jdk/internal/foreign/SegmentBulkOperations done
Event: 3.551 Loading class jdk/internal/util/Architecture
Event: 3.551 Loading class jdk/internal/util/Architecture done

Classes unloaded (0 events):
No events

Classes redefined (0 events):
No events

Internal exceptions (20 events):
Event: 3.536 Thread 0x000001b0fa435370 Exception <a 'java/lang/NoSuchMethodError'{0x00000000c824b490}: 'void java.lang.invoke.DirectMethodHandle$Holder.invokeStatic(java.lang.Object, java.lang.Object, long, int, int, int, int)'> (0x00000000c824b490) 
thrown [s\open\src\hotspot\share\interpreter\linkResolver.cpp, line 804]
Event: 3.537 Thread 0x000001b0fa435370 Exception <a 'java/lang/NoSuchMethodError'{0x00000000c8253f70}: 'void java.lang.invoke.DirectMethodHandle$Holder.invokeSpecial(java.lang.Object, java.lang.Object, long, int, int, int, int)'> (0x00000000c8253f70) 
thrown [s\open\src\hotspot\share\interpreter\linkResolver.cpp, line 804]
Event: 3.537 Thread 0x000001b0fa435370 Exception <a 'java/lang/NoSuchMethodError'{0x00000000c825c038}: 'void java.lang.invoke.Invokers$Holder.exactInvoker(java.lang.Object, java.lang.Object, long, int, int, int, int)'> (0x00000000c825c038) 
thrown [s\open\src\hotspot\share\interpreter\linkResolver.cpp, line 804]
Event: 3.538 Thread 0x000001b0fa435370 Exception <a 'java/lang/NoSuchMethodError'{0x00000000c82645e8}: 'void java.lang.invoke.DelegatingMethodHandle$Holder.delegate(java.lang.Object, java.lang.Object, long, int, int, int, int)'> (0x00000000c82645e8) 
thrown [s\open\src\hotspot\share\interpreter\linkResolver.cpp, line 804]
Event: 3.541 Thread 0x000001b0fa435370 Exception <a 'java/lang/NoSuchMethodError'{0x00000000c827f8b0}: 'void java.lang.invoke.DirectMethodHandle$Holder.invokeInterface(java.lang.Object, java.lang.Object, long, int)'> (0x00000000c827f8b0) 
thrown [s\open\src\hotspot\share\interpreter\linkResolver.cpp, line 804]
Event: 3.565 Thread 0x000001b0fa435370 Exception <a 'java/lang/NoSuchMethodError'{0x00000000c82e9560}: 'void java.lang.invoke.DirectMethodHandle$Holder.invokeStaticInit(java.lang.Object, java.lang.Object, java.lang.Object)'> (0x00000000c82e9560) 
thrown [s\open\src\hotspot\share\interpreter\linkResolver.cpp, line 804]
Event: 3.567 Thread 0x000001b0fa435370 Exception <a 'java/lang/NoSuchMethodError'{0x00000000c810bf90}: 'void java.lang.invoke.Invokers$Holder.invokeExact_MT(java.lang.Object, java.lang.Object, java.lang.Object)'> (0x00000000c810bf90) 
thrown [s\open\src\hotspot\share\interpreter\linkResolver.cpp, line 804]
Event: 3.568 Thread 0x000001b0fa435370 Exception <a 'java/lang/NoSuchMethodError'{0x00000000c8114728}: 'void java.lang.invoke.DirectMethodHandle$Holder.invokeSpecial(java.lang.Object, java.lang.Object, long)'> (0x00000000c8114728) 
thrown [s\open\src\hotspot\share\interpreter\linkResolver.cpp, line 804]
Event: 3.569 Thread 0x000001b0fa435370 Exception <a 'java/lang/NoSuchMethodError'{0x00000000c811c388}: 'void java.lang.invoke.Invokers$Holder.invokeExact_MT(java.lang.Object, long, java.lang.Object)'> (0x00000000c811c388) 
thrown [s\open\src\hotspot\share\interpreter\linkResolver.cpp, line 804]
Event: 3.573 Thread 0x000001b0fa435370 Exception <a 'java/lang/NoSuchMethodError'{0x00000000c813f6e8}: 'double java.lang.invoke.DirectMethodHandle$Holder.invokeStaticInit(java.lang.Object, java.lang.Object, java.lang.Object)'> (0x00000000c813f6e8) 
thrown [s\open\src\hotspot\share\interpreter\linkResolver.cpp, line 804]
Event: 3.574 Thread 0x000001b0fa435370 Exception <a 'java/lang/NoSuchMethodError'{0x00000000c814f9b0}: 'double java.lang.invoke.DelegatingMethodHandle$Holder.reinvoke_L(java.lang.Object, java.lang.Object, java.lang.Object)'> (0x00000000c814f9b0) 
thrown [s\open\src\hotspot\share\interpreter\linkResolver.cpp, line 804]
Event: 3.575 Thread 0x000001b0fa435370 Exception <a 'java/lang/NoSuchMethodError'{0x00000000c8170400}: 'double java.lang.invoke.DirectMethodHandle$Holder.invokeSpecial(java.lang.Object, java.lang.Object, java.lang.Object)'> (0x00000000c8170400) 
thrown [s\open\src\hotspot\share\interpreter\linkResolver.cpp, line 804]
Event: 3.575 Thread 0x000001b0fa435370 Exception <a 'java/lang/NoSuchMethodError'{0x00000000c81780f0}: 'double java.lang.invoke.Invokers$Holder.invokeExact_MT(java.lang.Object, java.lang.Object, java.lang.Object)'> (0x00000000c81780f0) 
thrown [s\open\src\hotspot\share\interpreter\linkResolver.cpp, line 804]
Event: 3.579 Thread 0x000001b0fa435370 Exception <a 'java/lang/NoSuchMethodError'{0x00000000c81aeb50}: 'int java.lang.invoke.DirectMethodHandle$Holder.invokeStaticInit(java.lang.Object, java.lang.Object, java.lang.Object, long, int)'> (0x00000000c81aeb50) 
thrown [s\open\src\hotspot\share\interpreter\linkResolver.cpp, line 804]
Event: 3.580 Thread 0x000001b0fa435370 Exception <a 'java/lang/NoSuchMethodError'{0x00000000c81bf050}: 'int java.lang.invoke.DelegatingMethodHandle$Holder.reinvoke_L(java.lang.Object, java.lang.Object, java.lang.Object, long, int)'> (0x00000000c81bf050) 
thrown [s\open\src\hotspot\share\interpreter\linkResolver.cpp, line 804]
Event: 3.582 Thread 0x000001b0fa435370 Exception <a 'java/lang/NoSuchMethodError'{0x00000000c81e01d8}: 'int java.lang.invoke.DirectMethodHandle$Holder.invokeSpecial(java.lang.Object, java.lang.Object, java.lang.Object, long, int)'> (0x00000000c81e01d8) 
thrown [s\open\src\hotspot\share\interpreter\linkResolver.cpp, line 804]
Event: 3.586 Thread 0x000001b0fa435370 Exception <a 'java/lang/NoSuchMethodError'{0x00000000c801e530}: 'void java.lang.invoke.DirectMethodHandle$Holder.invokeStaticInit(java.lang.Object, java.lang.Object, java.lang.Object, long, int, int)'> (0x00000000c801e530) 
thrown [s\open\src\hotspot\share\interpreter\linkResolver.cpp, line 804]
Event: 3.586 Thread 0x000001b0fa435370 Exception <a 'java/lang/NoSuchMethodError'{0x00000000c802ead0}: 'void java.lang.invoke.DelegatingMethodHandle$Holder.reinvoke_L(java.lang.Object, java.lang.Object, java.lang.Object, long, int, int)'> (0x00000000c802ead0) 
thrown [s\open\src\hotspot\share\interpreter\linkResolver.cpp, line 804]
Event: 3.588 Thread 0x000001b0fa435370 Exception <a 'java/lang/NoSuchMethodError'{0x00000000c804fdf0}: 'void java.lang.invoke.DirectMethodHandle$Holder.invokeSpecial(java.lang.Object, java.lang.Object, java.lang.Object, long, int, int)'> (0x00000000c804fdf0) 
thrown [s\open\src\hotspot\share\interpreter\linkResolver.cpp, line 804]
Event: 3.592 Thread 0x000001b0fa435370 Exception <a 'java/lang/NoSuchMethodError'{0x00000000c8085e38}: 'void java.lang.invoke.DirectMethodHandle$Holder.invokeStaticInit(java.lang.Object, java.lang.Object, java.lang.Object, long, long)'> (0x00000000c8085e38) 
thrown [s\open\src\hotspot\share\interpreter\linkResolver.cpp, line 804]

VM Operations (20 events):
Event: 0.220 Executing non-safepoint VM operation: HandshakeAllThreads (Deoptimize)
Event: 0.220 Executing non-safepoint VM operation: HandshakeAllThreads (Deoptimize) done
Event: 1.335 Executing non-safepoint VM operation: HandshakeAllThreads (Deoptimize)
Event: 1.335 Executing non-safepoint VM operation: HandshakeAllThreads (Deoptimize) done
Event: 1.489 Executing non-safepoint VM operation: HandshakeAllThreads (Deoptimize)
Event: 1.489 Executing non-safepoint VM operation: HandshakeAllThreads (Deoptimize) done
Event: 1.602 Executing non-safepoint VM operation: HandshakeAllThreads (Deoptimize)
Event: 1.602 Executing non-safepoint VM operation: HandshakeAllThreads (Deoptimize) done
Event: 1.627 Executing non-safepoint VM operation: HandshakeAllThreads (Deoptimize)
Event: 1.628 Executing non-safepoint VM operation: HandshakeAllThreads (Deoptimize) done
Event: 1.671 Executing non-safepoint VM operation: HandshakeAllThreads (Deoptimize)
Event: 1.671 Executing non-safepoint VM operation: HandshakeAllThreads (Deoptimize) done
Event: 1.703 Executing non-safepoint VM operation: HandshakeAllThreads (Deoptimize)
Event: 1.703 Executing non-safepoint VM operation: HandshakeAllThreads (Deoptimize) done
Event: 2.654 Executing safepoint VM operation: G1CollectForAllocation (G1 Evacuation Pause)
Event: 2.659 Executing safepoint VM operation: G1CollectForAllocation (G1 Evacuation Pause) done
Event: 3.460 Executing non-safepoint VM operation: HandshakeAllThreads (Deoptimize)
Event: 3.460 Executing non-safepoint VM operation: HandshakeAllThreads (Deoptimize) done
Event: 3.460 Executing non-safepoint VM operation: HandshakeAllThreads (Deoptimize)
Event: 3.460 Executing non-safepoint VM operation: HandshakeAllThreads (Deoptimize) done

Memory protections (0 events):
No events

Nmethod flushes (0 events):
No events

Events (11 events):
Event: 0.032 Thread 0x000001b0fa435370 Thread added: 0x000001b0fa435370
Event: 0.044 Thread 0x000001b0fa435370 Thread added: 0x000001b0fc82e300
Event: 0.044 Thread 0x000001b0fa435370 Thread added: 0x000001b0fff14550
Event: 0.045 Thread 0x000001b0fa435370 Thread added: 0x000001b0fff17120
Event: 0.045 Thread 0x000001b0fa435370 Thread added: 0x000001b0fff18e40
Event: 0.045 Thread 0x000001b0fa435370 Thread added: 0x000001b0fff1a570
Event: 0.045 Thread 0x000001b0fa435370 Thread added: 0x000001b0fff23cb0
Event: 0.045 Thread 0x000001b0fa435370 Thread added: 0x000001b0fff4b2c0
Event: 0.045 Thread 0x000001b0fa435370 Thread added: 0x000001b0fff53f20
Event: 0.080 Thread 0x000001b0fa435370 Thread added: 0x000001b0977e4cd0
Event: 0.086 Thread 0x000001b0fa435370 Thread added: 0x000001b0977f2170


Dynamic libraries:
0x00007ff6ffaf0000 - 0x00007ff6ffb00000 	C:\JDK\oracleJdk-25\bin\java.exe
0x00007ffa25080000 - 0x00007ffa252e7000 	C:\WINDOWS\SYSTEM32\ntdll.dll
0x00007ffa23150000 - 0x00007ffa23219000 	C:\WINDOWS\System32\KERNEL32.DLL
0x00007ffa22040000 - 0x00007ffa22431000 	C:\WINDOWS\System32\KERNELBASE.dll
0x00007ffa21c90000 - 0x00007ffa21ddb000 	C:\WINDOWS\System32\ucrtbase.dll
0x00007ffa094d0000 - 0x00007ffa094ee000 	C:\JDK\oracleJdk-25\bin\VCRUNTIME140.dll
0x00007ffa0d800000 - 0x00007ffa0d817000 	C:\JDK\oracleJdk-25\bin\jli.dll
0x00007ffa23830000 - 0x00007ffa239f5000 	C:\WINDOWS\System32\USER32.dll
0x00007ffa21de0000 - 0x00007ffa21e07000 	C:\WINDOWS\System32\win32u.dll
0x00007ffa0bc40000 - 0x00007ffa0bed3000 	C:\WINDOWS\WinSxS\amd64_microsoft.windows.common-controls_6595b64144ccf1df_6.0.26100.8037_none_3e092faae333b53b\COMCTL32.dll
0x00007ffa23e10000 - 0x00007ffa23eb9000 	C:\WINDOWS\System32\msvcrt.dll
0x00007ffa23080000 - 0x00007ffa230ab000 	C:\WINDOWS\System32\GDI32.dll
0x00007ffa219f0000 - 0x00007ffa21b1b000 	C:\WINDOWS\System32\gdi32full.dll
0x00007ffa21f90000 - 0x00007ffa22033000 	C:\WINDOWS\System32\msvcp_win.dll
0x00007ffa23040000 - 0x00007ffa23071000 	C:\WINDOWS\System32\IMM32.DLL
0x00007ffa093d0000 - 0x00007ffa093dc000 	C:\JDK\oracleJdk-25\bin\vcruntime140_1.dll
0x00007ff9e1620000 - 0x00007ff9e16ad000 	C:\JDK\oracleJdk-25\bin\msvcp140.dll
0x00007ff98f5c0000 - 0x00007ff99041f000 	C:\JDK\oracleJdk-25\bin\server\jvm.dll
0x00007ffa23d50000 - 0x00007ffa23e0b000 	C:\WINDOWS\System32\ADVAPI32.dll
0x00007ffa23b00000 - 0x00007ffa23ba7000 	C:\WINDOWS\System32\sechost.dll
0x00007ffa24f20000 - 0x00007ffa25038000 	C:\WINDOWS\System32\RPCRT4.dll
0x00007ffa22e60000 - 0x00007ffa22ed4000 	C:\WINDOWS\System32\WS2_32.dll
0x00007ffa18af0000 - 0x00007ffa18afb000 	C:\WINDOWS\SYSTEM32\VERSION.dll
0x00007ffa217e0000 - 0x00007ffa2183e000 	C:\WINDOWS\SYSTEM32\POWRPROF.dll
0x00007ffa04de0000 - 0x00007ffa04e15000 	C:\WINDOWS\SYSTEM32\WINMM.dll
0x00007ffa217c0000 - 0x00007ffa217d4000 	C:\WINDOWS\SYSTEM32\UMPDC.dll
0x00007ffa206f0000 - 0x00007ffa2070b000 	C:\WINDOWS\SYSTEM32\kernel.appcore.dll
0x00007ffa093c0000 - 0x00007ffa093ca000 	C:\JDK\oracleJdk-25\bin\jimage.dll
0x00007ffa1f9a0000 - 0x00007ffa1fbe2000 	C:\WINDOWS\SYSTEM32\DBGHELP.DLL
0x00007ffa234a0000 - 0x00007ffa23822000 	C:\WINDOWS\System32\combase.dll
0x00007ffa23ec0000 - 0x00007ffa23f97000 	C:\WINDOWS\System32\OLEAUT32.dll
0x00007ffa040e0000 - 0x00007ffa0411b000 	C:\WINDOWS\SYSTEM32\dbgcore.DLL
0x00007ffa21be0000 - 0x00007ffa21c85000 	C:\WINDOWS\System32\bcryptPrimitives.dll
0x00007ffa03bb0000 - 0x00007ffa03bcf000 	C:\JDK\oracleJdk-25\bin\java.dll
0x00007ffa23bb0000 - 0x00007ffa23d45000 	C:\WINDOWS\System32\ole32.dll
0x00007ffa24320000 - 0x00007ffa24a7f000 	C:\WINDOWS\System32\SHELL32.dll
0x00007ffa22cb0000 - 0x00007ffa22e1a000 	C:\WINDOWS\System32\wintypes.dll
0x00007ffa22440000 - 0x00007ffa22ca4000 	C:\WINDOWS\System32\windows.storage.dll
0x00007ffa23a00000 - 0x00007ffa23af7000 	C:\WINDOWS\System32\SHCORE.dll
0x00007ffa23280000 - 0x00007ffa232e7000 	C:\WINDOWS\System32\shlwapi.dll
0x00007ffa21880000 - 0x00007ffa218a9000 	C:\WINDOWS\SYSTEM32\profapi.dll
0x00007ffa03ae0000 - 0x00007ffa03af2000 	C:\JDK\oracleJdk-25\bin\net.dll
0x00007ffa20c60000 - 0x00007ffa20ccb000 	C:\WINDOWS\system32\mswsock.dll
0x00007ffa03ac0000 - 0x00007ffa03ad6000 	C:\JDK\oracleJdk-25\bin\nio.dll
0x00007ff9fc2e0000 - 0x00007ff9fc2f7000 	C:\JDK\oracleJdk-25\bin\zip.dll
0x00007ff9c53f0000 - 0x00007ff9c5474000 	C:\Users\Amit\AppData\Local\Temp\lwjgl_Amit\3.4.1+2\x64\lwjgl.dll
0x00007ff9bb100000 - 0x00007ff9bb18a000 	C:\Users\Amit\AppData\Local\Temp\lwjgl_Amit\3.4.1+2\x64\glfw.dll
0x00007ff9e14c0000 - 0x00007ff9e150b000 	C:\WINDOWS\SYSTEM32\dinput8.dll
0x00007ff9e0a40000 - 0x00007ff9e0a5e000 	C:\WINDOWS\SYSTEM32\xinput1_4.dll
0x00007ffa214d0000 - 0x00007ffa21527000 	C:\WINDOWS\SYSTEM32\cfgmgr32.dll
0x00007ffa214a0000 - 0x00007ffa214cd000 	C:\WINDOWS\SYSTEM32\DEVOBJ.dll
0x00007ffa1f2b0000 - 0x00007ffa1f2de000 	C:\WINDOWS\SYSTEM32\dwmapi.dll
0x00007ffa18e00000 - 0x00007ffa18fe3000 	C:\WINDOWS\SYSTEM32\inputhost.dll
0x00007ffa1eb30000 - 0x00007ffa1ec57000 	C:\WINDOWS\SYSTEM32\CoreMessaging.dll
0x00007ffa1f020000 - 0x00007ffa1f0ca000 	C:\WINDOWS\system32\uxtheme.dll
0x00007ffa232f0000 - 0x00007ffa2344d000 	C:\WINDOWS\System32\MSCTF.dll
0x00007ffa20f40000 - 0x00007ffa20f4c000 	C:\WINDOWS\SYSTEM32\CRYPTBASE.DLL
0x00007ffa01870000 - 0x00007ffa0197e000 	C:\WINDOWS\SYSTEM32\opengl32.dll
0x00007ffa09bd0000 - 0x00007ffa09bfd000 	C:\WINDOWS\SYSTEM32\GLU32.dll
0x00007ffa1f0f0000 - 0x00007ffa1f133000 	C:\WINDOWS\SYSTEM32\dxcore.dll
0x00007ffa1bb30000 - 0x00007ffa1bb90000 	C:\WINDOWS\SYSTEM32\directxdatabasehelper.dll
0x00007ffa14420000 - 0x00007ffa1443a000 	C:\WINDOWS\SYSTEM32\windows.staterepositorycore.dll
0x00007ff981c90000 - 0x00007ff982bd7000 	C:\WINDOWS\System32\DriverStore\FileRepository\iigd_dch.inf_amd64_ada2367baaae74c0\ig11icd64.dll
0x00007ffa1f140000 - 0x00007ffa1f27e000 	C:\WINDOWS\system32\dxgi.dll
0x00007ffa166a0000 - 0x00007ffa18ae9000 	C:\WINDOWS\System32\DriverStore\FileRepository\iigd_dch.inf_amd64_ada2367baaae74c0\igc64.dll
0x00007ffa19110000 - 0x00007ffa192b4000 	C:\WINDOWS\System32\DriverStore\FileRepository\iigd_dch.inf_amd64_ada2367baaae74c0\igdgmm64.dll
0x00007ffa14070000 - 0x00007ffa141b8000 	C:\WINDOWS\SYSTEM32\textinputframework.dll
0x00007ff9d9950000 - 0x00007ff9d99ac000 	C:\Users\Amit\AppData\Local\Temp\lwjgl_Amit\3.4.1+2\x64\lwjgl_opengl.dll
0x00007ff978b50000 - 0x00007ff979357000 	C:\Users\Amit\AppData\Local\Temp\imgui-java-natives\1.90.0\imgui-java64.dll

JVMTI agents: none

dbghelp: loaded successfully - version: 4.0.5 - missing functions: none
symbol engine: initialized successfully - sym options: 0x614 - pdb path: .;C:\JDK\oracleJdk-25\bin;C:\WINDOWS\SYSTEM32;C:\WINDOWS\WinSxS\amd64_microsoft.windows.common-controls_6595b64144ccf1df_6.0.26100.8037_none_3e092faae333b53b;C:\JDK\oracleJdk-25\bin\server;C:\Users\Amit\AppData\Local\Temp\lwjgl_Amit\3.4.1+2\x64;C:\WINDOWS\System32\DriverStore\FileRepository\iigd_dch.inf_amd64_ada2367baaae74c0;C:\Users\Amit\AppData\Local\Temp\imgui-java-natives\1.90.0

VM Arguments:
jvm_args: -Dfile.encoding=UTF-8 -Duser.country=IN -Duser.language=en -Duser.variant 
java_command: org.example.App
java_class_path (initial): C:\Users\Amit\Desktop\MY STYF\LWJGL3\OpenGL\TileEngine\app\build\classes\java\main;C:\Users\Amit\Desktop\MY STYF\LWJGL3\OpenGL\TileEngine\app\build\resources\main;C:\Users\Amit\.gradle\caches\modules-2\files-2.1\com.google.guava\guava\33.4.6-jre\4437fb72c3cc5d29554b588d9a97bea12d6a42e1\guava-33.4.6-jre.jar;C:\Users\Amit\.gradle\caches\modules-2\files-2.1\io.github.spair\imgui-java-lwjgl3\1.90.0\f7adf38b3a461e44e6b2fd16dc291d7866482738\imgui-java-lwjgl3-1.90.0.jar;C:\Users\Amit\.gradle\caches\modules-2\files-2.1\org.lwjgl\lwjgl-glfw\3.4.1\a782b1ddd175c9107bf300fd92920579ea65e2a4\lwjgl-glfw-3.4.1.jar;C:\Users\Amit\.gradle\caches\modules-2\files-2.1\org.lwjgl\lwjgl-glfw\3.4.1\2eb4aa895ea190ba8cf4356f8cea24d3ebb40ea1\lwjgl-glfw-3.4.1-natives-windows.jar;C:\Users\Amit\.gradle\caches\modules-2\files-2.1\org.lwjgl\lwjgl-openal\3.4.1\8508bd60589de0539aa465b78fcf838efd07ae9a\lwjgl-openal-3.4.1.jar;C:\Users\Amit\.gradle\caches\modules-2\files-2.1\org.lwjgl\lwjgl-openal\3.4.1\8e83fdfdf65c80c9877c6fb6cb645d239ed7638\lwjgl-openal-3.4.1-natives-windows.jar;C:\Users\Amit\.gradle\caches\modules-2\files-2.1\org.lwjgl\lwjgl-opengl\3.4.1\830412cab823c029cda6b9729f9d2ed36cf79959\lwjgl-opengl-3.4.1.jar;C:\Users\Amit\.gradle\caches\modules-2\files-2.1\org.lwjgl\lwjgl-opengl\3.4.1\617f37ef4e2ffb727bd5e74333e8073ef43ca1ec\lwjgl-opengl-3.4.1-natives-windows.jar;C:\Users\Amit\.gradle\caches\modules-2\files-2.1\org.lwjgl\lwjgl-stb\3.4.1\f077c3dafc31924fbe8acb0b913f08977ba27f8e\lwjgl-stb-3.4.1.jar;C:\Users\Amit\.gradle\caches\modules-2\files-2.1\org.lwjgl\lwjgl-stb\3.4.1\b4e13ece83c228ecf57354639d8555076a989d74\lwjgl-stb-3.4.1-natives-windows.jar;C:\Users\Amit\.gradle\caches\modules-2\files-2.1\org.lwjgl\lwjgl\3.4.1\6105690714874b995aa7812e4f7732a21109276c\lwjgl-3.4.1.jar;C:\Users\Amit\.gradle\caches\modules-2\files-2.1\org.lwjgl\lwjgl\3.4.1\96a217f0428ab73487f114a54179a4f41e851a04\lwjgl-3.4.1-natives-windows.jar;C:\Users\Amit\.gradle\caches\modules-2\files-2.1\org.joml\joml-primitives\1.10.0\b3ae3ae0dfee0bf5aef9f7964205cca0f3c6ea07\joml-primitives-1.10.0.jar;C:\Users\Amit\.gradle\caches\modules-2\files-2.1\org.joml\joml\1.10.8\fc0a71dad90a2cf41d82a76156a0e700af8e4f8d\joml-1.10.8.jar;C:\Users\Amit\.gradle\caches\modules-2\files-2.1\io.github.spair\imgui-java-binding\1.90.0\5be1d6a471c97f90de18d2cbe14754dd132ee8ab\imgui-java-binding-1.90.0.jar;C:\Users\Amit\.gradle\caches\modules-2\files-2.1\io.github.spair\imgui-java-natives-windows\1.90.0\b679c55c938231c23ae8bf4637cdc49265fafa27\imgui-java-natives-windows-1.90.0.jar;C:\Users\Amit\.gradle\caches\modules-2\files-2.1\com.google.guava\failureaccess\1.0.3\aeaffd00d57023a2c947393ed251f0354f0985fc\failureaccess-1.0.3.jar;C:\Users\Amit\.gradle\caches\modules-2\files-2.1\com.google.guava\listenablefuture\9999.0-empty-to-avoid-conflict-with-guava\b421526c5f297295adef1c886e5246c39d4ac629\listenablefuture-9999.0-empty-to-avoid-conflict-with-guava.jar;C:\Users\Amit\.gradle\caches\modules-2\files-2.1\org.jspecify\jspecify\1.0.0\7425a601c1c7ec76645a78d22b8c6a627edee507\jspecify-1.0.0.jar;C:\Users\Amit\.gradle\caches\modules-2\files-2.1\com.google.errorprone\error_prone_annotations\2.36.0\227d4d4957ccc3dc5761bd897e3a0ee587e750a7\error_prone_annotations-2.36.0.jar;C:\Users\Amit\.gradle\caches\modules-2\files-2.1\com.google.j2objc\j2objc-annotations\3.0.0\7399e65dd7e9ff3404f4535b2f017093bdb134c7\j2objc-annotations-3.0.0.jar;C:\Users\Amit\.gradle\caches\modules-2\files-2.1\org.jetbrains.kotlin\kotlin-stdlib-jdk8\1.8.20\73576ddf378c5b4f1f6b449fe6b119b8183fc078\kotlin-stdlib-jdk8-1.8.20.jar;C:\Users\Amit\.gradle\caches\modules-2\files-2.1\org.jetbrains.kotlin\kotlin-stdlib-jdk7\1.8.20\3aa51faf20aae8b31e1a4bc54f8370673d7b7df4\kotlin-stdlib-jdk7-1.8.20.jar;C:\Users\Amit\.gradle\caches\modules-2\files-2.1\org.jetbrains.kotlin\kotlin-stdlib\1.8.20\e72fc5e03ec6c064c678a6bd0d955c88d55b0c4a\kotlin-stdlib-1.8.20.jar;C:\Users\Amit\.gradle\caches\modules-2\files-2.1\org.jetbrains.kotlin\kotlin-stdlib-common\1.8.20\5eddaaf234c8c49d03eebeb6a14feb7f90faca71\kotlin-stdlib-common-1.8.20.jar;C:\Users\Amit\.gradle\caches\modules-2\files-2.1\org.jetbrains\annotations\13.0\919f0dfe192fb4e063e7dacadee7f8bb9a2672a9\annotations-13.0.jar
Launcher Type: SUN_STANDARD

[Global flags]
     intx CICompilerCount                          = 3                                         {product} {ergonomic}
     uint ConcGCThreads                            = 1                                         {product} {ergonomic}
     uint G1ConcRefinementThreads                  = 4                                         {product} {ergonomic}
   size_t G1HeapRegionSize                         = 1048576                                   {product} {ergonomic}
   size_t InitialHeapSize                          = 62914560                                  {product} {ergonomic}
   size_t MarkStackSize                            = 4194304                                   {product} {ergonomic}
   size_t MarkStackSizeMax                         = 536870912                                 {product} {ergonomic}
   size_t MaxHeapSize                              = 991952896                                 {product} {ergonomic}
   size_t MaxNewSize                               = 594542592                                 {product} {ergonomic}
   size_t MinHeapDeltaBytes                        = 1048576                                   {product} {ergonomic}
   size_t MinHeapSize                              = 8388608                                   {product} {ergonomic}
    uintx NonNMethodCodeHeapSize                   = 5832704                                {pd product} {ergonomic}
    uintx NonProfiledCodeHeapSize                  = 122945536                              {pd product} {ergonomic}
    uintx ProfiledCodeHeapSize                     = 122880000                              {pd product} {ergonomic}
    uintx ReservedCodeCacheSize                    = 251658240                              {pd product} {ergonomic}
     bool SegmentedCodeCache                       = true                                      {product} {ergonomic}
   size_t SoftMaxHeapSize                          = 991952896                              {manageable} {ergonomic}
     bool UseCompressedOops                        = true                           {product lp64_product} {ergonomic}
     bool UseG1GC                                  = true                                      {product} {ergonomic}
     bool UseLargePagesIndividualAllocation        = false                                  {pd product} {ergonomic}

Logging:
Log output configuration:
 #0: stdout all=warning uptime,level,tags foldmultilines=false
 #1: stderr all=off uptime,level,tags foldmultilines=false

Release file:
IMPLEMENTOR="Oracle Corporation" 
JAVA_RUNTIME_VERSION="25+37-LTS-3491" 
JAVA_VERSION="25" 
JAVA_VERSION_DATE="2025-09-16" 
LIBC="default" 
MODULES="java.base java.compiler java.datatransfer java.xml java.prefs java.desktop java.instrument java.logging java.management java.security.sasl java.naming java.rmi java.management.rmi java.net.http java.scripting java.security.jgss java.transaction.xa java.sql java.sql.rowset java.xml.crypto java.se java.smartcardio jdk.accessibility jdk.internal.jvmstat jdk.attach jdk.charsets jdk.internal.opt jdk.zipfs jdk.compiler jdk.crypto.cryptoki jdk.crypto.ec jdk.crypto.mscapi jdk.dynalink jdk.internal.ed jdk.editpad jdk.internal.vm.ci jdk.graal.compiler jdk.graal.compiler.management jdk.hotspot.agent jdk.httpserver jdk.incubator.vector jdk.internal.le jdk.internal.md jdk.jartool jdk.javadoc jdk.jcmd jdk.management jdk.management.agent jdk.jconsole jdk.jdeps jdk.jdwp.agent jdk.jdi jdk.jfr jdk.jlink jdk.jpackage jdk.jshell jdk.jsobject jdk.jstatd jdk.localedata jdk.management.jfr jdk.naming.dns jdk.naming.rmi jdk.net jdk.nio.mapmode jdk.sctp jdk.security.auth jdk.security.jgss jdk.unsupported jdk.unsupported.desktop jdk.xml.dom" 
OS_ARCH="x86_64" 
OS_NAME="Windows" 
SOURCE=".:git:49d6a23b8806 open:git:6c48f4ed707b" 

Environment Variables:
JAVA_HOME=C:\JDK\oracleJdk-25
PATH=C:\WINDOWS\system32;C:\WINDOWS;C:\WINDOWS\System32\Wbem;C:\WINDOWS\System32\WindowsPowerShell\v1.0\;C:\WINDOWS\System32\OpenSSH\;C:\Program Files\dotnet\;C:\JDK\oracleJdk-25\bin;C:\Users\Amit\gradle-9.3.1\bin;C:\Program Files\Git\cmd;C:\Users\Amit\AppData\Local\Microsoft\WindowsApps;C:\Users\Amit\.dotnet\tools;C:\Users\Amit\AppData\Local\Programs\Microsoft VS Code\bin;C:\Users\Amit\gradle-9.3.1\bin;
USERNAME=Amit
OS=Windows_NT
PROCESSOR_IDENTIFIER=Intel64 Family 6 Model 126 Stepping 5, GenuineIntel
TMP=C:\Users\Amit\AppData\Local\Temp
TEMP=C:\Users\Amit\AppData\Local\Temp




Compilation memory statistics disabled.

Periodic native trim disabled

---------------  S Y S T E M  ---------------

OS:
 Windows 11 , 64 bit Build 26100 (10.0.26100.7920)
OS uptime: 6 days 6:27 hours

CPU: total 4 (initial active 4) (2 cores per cpu, 2 threads per core) family 6 model 126 stepping 5 microcode 0xbc, cx8, cmov, fxsr, ht, mmx, 3dnowpref, sse, sse2, sse3, ssse3, sse4.1, sse4.2, popcnt, lzcnt, tsc, tscinvbit, avx, avx2, aes, erms, clmul, bmi1, bmi2, adx, avx512f, avx512dq, avx512cd, avx512bw, avx512vl, sha, fma, vzeroupper, avx512_vpopcntdq, avx512_vpclmulqdq, avx512_vaes, avx512_vnni, clflush, clflushopt, avx512_vbmi2, avx512_vbmi, rdtscp, rdpid, fsrm, gfni, avx512_bitalg, f16c, pku, avx512_ifma
Processor Information for processor 0
  Max Mhz: 1201, Current Mhz: 1201, Mhz Limit: 1201
Processor Information for processor 1
  Max Mhz: 1201, Current Mhz: 1000, Mhz Limit: 1201
Processor Information for processor 2
  Max Mhz: 1201, Current Mhz: 1201, Mhz Limit: 1201
Processor Information for processor 3
  Max Mhz: 1201, Current Mhz: 1201, Mhz Limit: 1201

Memory: 4k page, system-wide physical 3783M (252M free)
TotalPageFile size 11719M (AvailPageFile size 2887M)
current process WorkingSet (physical memory assigned to process): 176M, peak: 176M
current process commit charge ("private bytes"): 215M, peak: 219M

vm_info: Java HotSpot(TM) 64-Bit Server VM (25+37-LTS-3491) for windows-amd64 JRE (25+37-LTS-3491), built on 2025-08-14T21:13:00Z with unknown MS VC++:1943

END.
